[debug] [2023-09-03T09:59:34.414Z] ----------------------------------------------------------------------
[debug] [2023-09-03T09:59:34.417Z] Command:       D:\Program Files\nodejs\node.exe C:\Users\spoor\AppData\Roaming\npm\node_modules\firebase-tools\lib\bin\firebase.js init
[debug] [2023-09-03T09:59:34.418Z] CLI Version:   12.5.2
[debug] [2023-09-03T09:59:34.418Z] Platform:      win32
[debug] [2023-09-03T09:59:34.418Z] Node Version:  v18.16.1
[debug] [2023-09-03T09:59:34.420Z] Time:          Sun Sep 03 2023 15:29:34 GMT+0530 (India Standard Time)
[debug] [2023-09-03T09:59:34.420Z] ----------------------------------------------------------------------
[debug] 
[debug] [2023-09-03T09:59:34.439Z] > command requires scopes: ["email","openid","https://www.googleapis.com/auth/cloudplatformprojects.readonly","https://www.googleapis.com/auth/firebase","https://www.googleapis.com/auth/cloud-platform"]
[debug] [2023-09-03T09:59:34.440Z] > authorizing via signed-in user (spoorvi82@gmail.com)
[info] 
     ######## #### ########  ######## ########     ###     ######  ########
     ##        ##  ##     ## ##       ##     ##  ##   ##  ##       ##
     ######    ##  ########  ######   ########  #########  ######  ######
     ##        ##  ##    ##  ##       ##     ## ##     ##       ## ##
     ##       #### ##     ## ######## ########  ##     ##  ######  ########

You're about to initialize a Firebase project in this directory:

  C:\Users\spoor\Desktop\NetflixClon_React\filmpire-pooh

[info] 
=== Project Setup
[info] 
[info] First, let's associate this project directory with a Firebase project.
[info] You can create multiple project aliases by running firebase use --add, 
[info] but for now we'll just set up a default project.
[info] 
[debug] [2023-09-03T10:00:10.095Z] >>> [apiv2][query] GET https://firebase.googleapis.com/v1beta1/projects pageSize=100
[debug] [2023-09-03T10:00:11.145Z] <<< [apiv2][status] GET https://firebase.googleapis.com/v1beta1/projects 200
[debug] [2023-09-03T10:00:11.146Z] <<< [apiv2][body] GET https://firebase.googleapis.com/v1beta1/projects [omitted]
[info] i  Using project netflex-react-575fb (Netflex-react-youtube) 
[info] 
=== Database Setup
[info] i  database: ensuring required API firebasedatabase.googleapis.com is enabled... 
[debug] [2023-09-03T10:00:18.187Z] >>> [apiv2][query] GET https://serviceusage.googleapis.com/v1/projects/netflex-react-575fb/services/firebasedatabase.googleapis.com [none]
[debug] [2023-09-03T10:00:18.187Z] >>> [apiv2][(partial)header] GET https://serviceusage.googleapis.com/v1/projects/netflex-react-575fb/services/firebasedatabase.googleapis.com x-goog-quota-user=projects/netflex-react-575fb
[debug] [2023-09-03T10:00:20.238Z] <<< [apiv2][status] GET https://serviceusage.googleapis.com/v1/projects/netflex-react-575fb/services/firebasedatabase.googleapis.com 200
[debug] [2023-09-03T10:00:20.239Z] <<< [apiv2][body] GET https://serviceusage.googleapis.com/v1/projects/netflex-react-575fb/services/firebasedatabase.googleapis.com [omitted]
[warn] !  database: missing required API firebasedatabase.googleapis.com. Enabling now... 
[debug] [2023-09-03T10:00:20.240Z] >>> [apiv2][query] POST https://serviceusage.googleapis.com/v1/projects/netflex-react-575fb/services/firebasedatabase.googleapis.com:enable [none]
[debug] [2023-09-03T10:00:20.241Z] >>> [apiv2][(partial)header] POST https://serviceusage.googleapis.com/v1/projects/netflex-react-575fb/services/firebasedatabase.googleapis.com:enable x-goog-quota-user=projects/netflex-react-575fb
[debug] [2023-09-03T10:00:22.278Z] <<< [apiv2][status] POST https://serviceusage.googleapis.com/v1/projects/netflex-react-575fb/services/firebasedatabase.googleapis.com:enable 200
[debug] [2023-09-03T10:00:22.280Z] <<< [apiv2][body] POST https://serviceusage.googleapis.com/v1/projects/netflex-react-575fb/services/firebasedatabase.googleapis.com:enable [omitted]
[debug] [2023-09-03T10:00:32.283Z] >>> [apiv2][query] GET https://serviceusage.googleapis.com/v1/projects/netflex-react-575fb/services/firebasedatabase.googleapis.com [none]
[debug] [2023-09-03T10:00:32.283Z] >>> [apiv2][(partial)header] GET https://serviceusage.googleapis.com/v1/projects/netflex-react-575fb/services/firebasedatabase.googleapis.com x-goog-quota-user=projects/netflex-react-575fb
[debug] [2023-09-03T10:00:34.117Z] <<< [apiv2][status] GET https://serviceusage.googleapis.com/v1/projects/netflex-react-575fb/services/firebasedatabase.googleapis.com 200
[debug] [2023-09-03T10:00:34.117Z] <<< [apiv2][body] GET https://serviceusage.googleapis.com/v1/projects/netflex-react-575fb/services/firebasedatabase.googleapis.com [omitted]
[info] +  database: required API firebasedatabase.googleapis.com is enabled 
[info] 
[debug] [2023-09-03T10:00:34.125Z] >>> [apiv2][query] GET https://firebase.googleapis.com/v1beta1/projects/netflex-react-575fb [none]
[debug] [2023-09-03T10:00:34.583Z] <<< [apiv2][status] GET https://firebase.googleapis.com/v1beta1/projects/netflex-react-575fb 200
[debug] [2023-09-03T10:00:34.584Z] <<< [apiv2][body] GET https://firebase.googleapis.com/v1beta1/projects/netflex-react-575fb {"projectId":"netflex-react-575fb","projectNumber":"611130688874","displayName":"Netflex-react-youtube","name":"projects/netflex-react-575fb","resources":{"hostingSite":"netflex-react-575fb"},"state":"ACTIVE","etag":"1_83a27036-8cb2-4768-ac36-5bb92d5d161a"}
[debug] [2023-09-03T10:03:52.480Z] >>> [apiv2][query] POST https://firebasedatabase.googleapis.com/v1beta/projects/netflex-react-575fb/locations/asia-southeast1/instances databaseId=netflex-react-575fb-default-rtdb&validateOnly=true
[debug] [2023-09-03T10:03:52.481Z] >>> [apiv2][body] POST https://firebasedatabase.googleapis.com/v1beta/projects/netflex-react-575fb/locations/asia-southeast1/instances {"type":"default_database"}
[debug] [2023-09-03T10:03:54.604Z] <<< [apiv2][status] POST https://firebasedatabase.googleapis.com/v1beta/projects/netflex-react-575fb/locations/asia-southeast1/instances 200
[debug] [2023-09-03T10:03:54.604Z] <<< [apiv2][body] POST https://firebasedatabase.googleapis.com/v1beta/projects/netflex-react-575fb/locations/asia-southeast1/instances {"name":"projects/611130688874/locations/asia-southeast1/instances/netflex-react-575fb-default-rtdb","project":"projects/611130688874","databaseUrl":"https://netflex-react-575fb-default-rtdb.asia-southeast1.firebasedatabase.app","type":"DEFAULT_DATABASE","state":"ACTIVE"}
[debug] [2023-09-03T10:03:54.606Z] >>> [apiv2][query] POST https://firebasedatabase.googleapis.com/v1beta/projects/netflex-react-575fb/locations/asia-southeast1/instances databaseId=netflex-react-575fb-default-rtdb
[debug] [2023-09-03T10:03:54.606Z] >>> [apiv2][body] POST https://firebasedatabase.googleapis.com/v1beta/projects/netflex-react-575fb/locations/asia-southeast1/instances {"type":"default_database"}
[debug] [2023-09-03T10:03:56.704Z] <<< [apiv2][status] POST https://firebasedatabase.googleapis.com/v1beta/projects/netflex-react-575fb/locations/asia-southeast1/instances 200
[debug] [2023-09-03T10:03:56.704Z] <<< [apiv2][body] POST https://firebasedatabase.googleapis.com/v1beta/projects/netflex-react-575fb/locations/asia-southeast1/instances {"name":"projects/611130688874/locations/asia-southeast1/instances/netflex-react-575fb-default-rtdb","project":"projects/611130688874","databaseUrl":"https://netflex-react-575fb-default-rtdb.asia-southeast1.firebasedatabase.app","type":"DEFAULT_DATABASE","state":"ACTIVE"}
[info] 
[info] Firebase Realtime Database Security Rules allow you to define how your data should be
[info] structured and when your data can be read from and written to.
[info] 
